{"numFailedTestSuites":0,"numFailedTests":0,"numPassedTestSuites":1,"numPassedTests":1,"numPendingTestSuites":0,"numPendingTests":0,"numRuntimeErrorTestSuites":0,"numTotalTestSuites":1,"numTotalTests":1,"openHandles":[],"snapshot":{"added":0,"didUpdate":false,"failure":false,"filesAdded":0,"filesRemoved":0,"filesUnmatched":0,"filesUpdated":0,"matched":0,"total":0,"unchecked":0,"uncheckedKeysByFile":[],"unmatched":0,"updated":0},"startTime":1540049046415,"success":true,"testResults":[{"console":null,"failureMessage":null,"numFailingTests":0,"numPassingTests":1,"numPendingTests":0,"perfStats":{"end":1540049047286,"start":1540049046921},"snapshot":{"added":0,"fileDeleted":false,"matched":0,"unchecked":0,"unmatched":0,"updated":0,"uncheckedKeys":[]},"testFilePath":"/Users/avechkanov/Documents/web/monitoring-ui/tests/simple.test.js","testResults":[{"ancestorTitles":["simple test"],"duration":3,"failureMessages":[],"fullName":"simple test First simple test","location":null,"numPassingAsserts":0,"status":"passed","title":"First simple test"}],"sourceMaps":{},"skipped":false,"leaks":false}],"wasInterrupted":false}